E:\WORKSPACE\A1234\A1234\DEBUG\A1234.EXE.INTERMEDIATE.MANIFEST
E:\WORKSPACE\A1234\A1234\DEBUG\A1234.OBJ
E:\workspace\a1234\a1234\Debug\cl.command.1.tlog
E:\workspace\a1234\a1234\Debug\CL.read.1.tlog
E:\workspace\a1234\a1234\Debug\CL.write.1.tlog
E:\workspace\a1234\a1234\Debug\custombuild.command.1.tlog
E:\workspace\a1234\a1234\Debug\custombuild.read.1.tlog
E:\workspace\a1234\a1234\Debug\custombuild.write.1.tlog
E:\WORKSPACE\A1234\A1234\DEBUG\DEVITEM.OBJ
E:\workspace\a1234\a1234\Debug\link.command.1.tlog
E:\workspace\a1234\a1234\Debug\link.read.1.tlog
E:\workspace\a1234\a1234\Debug\link.write.1.tlog
E:\WORKSPACE\A1234\A1234\DEBUG\MAIN.OBJ
E:\WORKSPACE\A1234\A1234\DEBUG\MOC_A1234.OBJ
E:\WORKSPACE\A1234\A1234\DEBUG\MOC_DEVITEM.OBJ
E:\workspace\a1234\a1234\Debug\mt.command.1.tlog
E:\workspace\a1234\a1234\Debug\mt.read.1.tlog
E:\workspace\a1234\a1234\Debug\mt.write.1.tlog
E:\WORKSPACE\A1234\A1234\DEBUG\QRC_A1234.OBJ
E:\WORKSPACE\A1234\A1234\DEBUG\VC100.PDB
E:\WORKSPACE\A1234\A1234\GENERATEDFILES\DEBUG\MOC_A1234.CPP
E:\WORKSPACE\A1234\A1234\GENERATEDFILES\DEBUG\MOC_DEVITEM.CPP
E:\WORKSPACE\A1234\A1234\GENERATEDFILES\QRC_A1234.CPP
E:\WORKSPACE\A1234\A1234\GENERATEDFILES\UI_A1234.H
E:\WORKSPACE\A1234\A1234\GENERATEDFILES\UI_DEVITEM.H
E:\WORKSPACE\A1234\WIN32\DEBUG\A1234.EXE
E:\WORKSPACE\A1234\WIN32\DEBUG\A1234.ILK
E:\WORKSPACE\A1234\WIN32\DEBUG\A1234.PDB
